#
# There is insufficient memory for the Java Runtime Environment to continue.
# Native memory allocation (mmap) failed to map 268435456 bytes for Failed to commit area from 0x0000000701a00000 to 0x0000000711a00000 of length 268435456.
# Possible reasons:
#   The system is out of physical RAM or swap space
#   The process is running with CompressedOops enabled, and the Java Heap may be blocking the growth of the native heap
# Possible solutions:
#   Reduce memory load on the system
#   Increase physical memory or swap space
#   Check if swap backing store is full
#   Decrease Java heap size (-Xmx/-Xms)
#   Decrease number of Java threads
#   Decrease Java thread stack sizes (-Xss)
#   Set larger code cache with -XX:ReservedCodeCacheSize=
# This output file may be truncated or incomplete.
#
#  Out of Memory Error (./src/hotspot/os/windows/os_windows.cpp:3303), pid=17812, tid=23228
#
# JRE version:  (11.0.9+11) (build )
# Java VM: OpenJDK 64-Bit Server VM (11.0.9+11-b944.49, mixed mode, sharing, tiered, compressed oops, g1 gc, windows-amd64)
# No core dump will be written. Minidumps are not enabled by default on client versions of Windows
#

---------------  S U M M A R Y ------------

Command Line: org.jetbrains.git4idea.http.GitAskPassApp Username for 'https://github.students.cs.ubc.ca': 

Host: Intel(R) Core(TM) i7-5600U CPU @ 2.60GHz, 4 cores, 15G,  Windows 10 , 64 bit Build 19041 (10.0.19041.804)
Time: Tue Feb 16 18:52:01 2021 India Standard Time elapsed time: 0.016079 seconds (0d 0h 0m 0s)

---------------  T H R E A D  ---------------

Current thread (0x0000015aacf19000):  JavaThread "Unknown thread" [_thread_in_vm, id=23228, stack(0x00000031fb300000,0x00000031fb400000)]

Stack: [0x00000031fb300000,0x00000031fb400000]
Native frames: (J=compiled Java code, j=interpreted, Vv=VM code, C=native code)
V  [jvm.dll+0x5ed32a]
V  [jvm.dll+0x722655]
V  [jvm.dll+0x723bad]
V  [jvm.dll+0x724263]
V  [jvm.dll+0x242cc8]
V  [jvm.dll+0x5ea7e4]
V  [jvm.dll+0x5df8f5]
V  [jvm.dll+0x2fe2db]
V  [jvm.dll+0x2fe24a]
V  [jvm.dll+0x2fe122]
V  [jvm.dll+0x302ff6]
V  [jvm.dll+0x34b703]
V  [jvm.dll+0x34be06]
V  [jvm.dll+0x34b803]
V  [jvm.dll+0x2d8f98]
V  [jvm.dll+0x2da137]
V  [jvm.dll+0x7013c7]
V  [jvm.dll+0x702bbc]
V  [jvm.dll+0x358cb9]
V  [jvm.dll+0x6e4e9e]
V  [jvm.dll+0x3c1083]
V  [jvm.dll+0x3c3231]
C  [jli.dll+0x5373]
C  [ucrtbase.dll+0x21bb2]
C  [KERNEL32.DLL+0x17034]
C  [ntdll.dll+0x4d241]


---------------  P R O C E S S  ---------------

Threads class SMR info:
_java_thread_list=0x0000015aab4bebe0, length=0, elements={
}

Java Threads: ( => current thread )

Other Threads:
  0x0000015aacf34000 GCTaskThread "GC Thread#0" [stack: 0x00000031fb400000,0x00000031fb500000] [id=20472]
  0x0000015aacf91800 ConcurrentGCThread "G1 Main Marker" [stack: 0x00000031fb500000,0x00000031fb600000] [id=14440]
  0x0000015aacf94000 ConcurrentGCThread "G1 Conc#0" [stack: 0x00000031fb600000,0x00000031fb700000] [id=10540]

[error occurred during error reporting (printing all threads), id 0xc0000005, EXCEPTION_ACCESS_VIOLATION (0xc0000005) at pc=0x00007ffb8c0f9537]

VM state:not at safepoint (not fully initialized)

VM Mutex/Monitor currently owned by a thread:  ([mutex/lock_event])
[0x0000015aacf16950] Heap_lock - owner thread: 0x0000015aacf19000

Heap address: 0x0000000701a00000, size: 4070 MB, Compressed Oops mode: Non-zero based: 0x0000000701a00000
Narrow klass base: 0x0000000000000000, Narrow klass shift: 0

GC Heap History (0 events):
No events

Deoptimization events (0 events):
No events

Classes redefined (0 events):
No events

Internal exceptions (0 events):
No events

Events (1 events):
Event: 0.009 Loaded shared library C:\Program Files\JetBrains\IntelliJ IDEA Community Edition 2020.2.4\jbr\bin\zip.dll


Dynamic libraries:
0x00007ff7c68e0000 - 0x00007ff7c68ea000 	C:\Program Files\JetBrains\IntelliJ IDEA Community Edition 2020.2.4\jbr\bin\java.exe
0x00007ffbe04d0000 - 0x00007ffbe06c6000 	C:\Windows\SYSTEM32\ntdll.dll
0x00007ffbdf680000 - 0x00007ffbdf73d000 	C:\Windows\System32\KERNEL32.DLL
0x00007ffbde120000 - 0x00007ffbde3e9000 	C:\Windows\System32\KERNELBASE.dll
0x00007ffbdde10000 - 0x00007ffbddf10000 	C:\Windows\System32\ucrtbase.dll
0x00007ffbd1190000 - 0x00007ffbd11a9000 	C:\Program Files\JetBrains\IntelliJ IDEA Community Edition 2020.2.4\jbr\bin\jli.dll
0x00007ffbd2020000 - 0x00007ffbd2037000 	C:\Program Files\JetBrains\IntelliJ IDEA Community Edition 2020.2.4\jbr\bin\VCRUNTIME140.dll
0x00007ffbdf0e0000 - 0x00007ffbdf280000 	C:\Windows\System32\USER32.dll
0x00007ffbde070000 - 0x00007ffbde092000 	C:\Windows\System32\win32u.dll
0x00007ffbd1c20000 - 0x00007ffbd1ebb000 	C:\Windows\WinSxS\amd64_microsoft.windows.common-controls_6595b64144ccf1df_6.0.19041.746_none_ca02b4b61b8320a4\COMCTL32.dll
0x00007ffbdf2f0000 - 0x00007ffbdf31a000 	C:\Windows\System32\GDI32.dll
0x00007ffbdec70000 - 0x00007ffbded0e000 	C:\Windows\System32\msvcrt.dll
0x00007ffbde420000 - 0x00007ffbde52b000 	C:\Windows\System32\gdi32full.dll
0x00007ffbddd70000 - 0x00007ffbdde0d000 	C:\Windows\System32\msvcp_win.dll
0x00007ffbde540000 - 0x00007ffbde570000 	C:\Windows\System32\IMM32.DLL
0x00007ffbc49f0000 - 0x00007ffbc4a8d000 	C:\Program Files\JetBrains\IntelliJ IDEA Community Edition 2020.2.4\jbr\bin\msvcp140.dll
0x00007ffb8be10000 - 0x00007ffb8c8de000 	C:\Program Files\JetBrains\IntelliJ IDEA Community Edition 2020.2.4\jbr\bin\server\jvm.dll
0x00007ffbdfc90000 - 0x00007ffbdfd3c000 	C:\Windows\System32\ADVAPI32.dll
0x00007ffbdfbf0000 - 0x00007ffbdfc8c000 	C:\Windows\System32\sechost.dll
0x00007ffbdf4f0000 - 0x00007ffbdf61b000 	C:\Windows\System32\RPCRT4.dll
0x00007ffbdf740000 - 0x00007ffbdf748000 	C:\Windows\System32\PSAPI.DLL
0x00007ffbca1c0000 - 0x00007ffbca1c9000 	C:\Windows\SYSTEM32\WSOCK32.dll
0x00007ffbd2580000 - 0x00007ffbd25a7000 	C:\Windows\SYSTEM32\WINMM.dll
0x00007ffbd2fb0000 - 0x00007ffbd2fba000 	C:\Windows\SYSTEM32\VERSION.dll
0x00007ffbdf280000 - 0x00007ffbdf2eb000 	C:\Windows\System32\WS2_32.dll
0x00007ffbdc4e0000 - 0x00007ffbdc4f2000 	C:\Windows\SYSTEM32\kernel.appcore.dll
0x00007ffbdb260000 - 0x00007ffbdb271000 	C:\Program Files\JetBrains\IntelliJ IDEA Community Edition 2020.2.4\jbr\bin\verify.dll
0x00007ffbdb390000 - 0x00007ffbdb574000 	C:\Windows\SYSTEM32\DBGHELP.DLL
0x00007ffbd44f0000 - 0x00007ffbd451c000 	C:\Windows\SYSTEM32\dbgcore.DLL
0x00007ffbde0a0000 - 0x00007ffbde120000 	C:\Windows\System32\bcryptPrimitives.dll
0x00007ffbd6cb0000 - 0x00007ffbd6cd9000 	C:\Program Files\JetBrains\IntelliJ IDEA Community Edition 2020.2.4\jbr\bin\java.dll
0x00007ffbd7f20000 - 0x00007ffbd7f2b000 	C:\Program Files\JetBrains\IntelliJ IDEA Community Edition 2020.2.4\jbr\bin\jimage.dll
0x00007ffbd7ec0000 - 0x00007ffbd7ed8000 	C:\Program Files\JetBrains\IntelliJ IDEA Community Edition 2020.2.4\jbr\bin\zip.dll

dbghelp: loaded successfully - version: 4.0.5 - missing functions: none
symbol engine: initialized successfully - sym options: 0x614 - pdb path: .;C:\Program Files\JetBrains\IntelliJ IDEA Community Edition 2020.2.4\jbr\bin;C:\Windows\SYSTEM32;C:\Windows\WinSxS\amd64_microsoft.windows.common-controls_6595b64144ccf1df_6.0.19041.746_none_ca02b4b61b8320a4;C:\Program Files\JetBrains\IntelliJ IDEA Community Edition 2020.2.4\jbr\bin\server

VM Arguments:
java_command: org.jetbrains.git4idea.http.GitAskPassApp Username for 'https://github.students.cs.ubc.ca': 
java_class_path (initial): C:/Program Files/JetBrains/IntelliJ IDEA Community Edition 2020.2.4/plugins/git4idea/lib/git4idea-rt.jar;C:/Program Files/JetBrains/IntelliJ IDEA Community Edition 2020.2.4/lib/xmlrpc-2.0.1.jar;C:/Program Files/JetBrains/IntelliJ IDEA Community Edition 2020.2.4/lib/commons-codec-1.14.jar
Launcher Type: SUN_STANDARD

[Global flags]
     intx CICompilerCount                          = 3                                         {product} {ergonomic}
     uint ConcGCThreads                            = 1                                         {product} {ergonomic}
     uint G1ConcRefinementThreads                  = 4                                         {product} {ergonomic}
   size_t G1HeapRegionSize                         = 1048576                                   {product} {ergonomic}
    uintx GCDrainStackTargetSize                   = 64                                        {product} {ergonomic}
   size_t InitialHeapSize                          = 268435456                                 {product} {ergonomic}
   size_t MarkStackSize                            = 4194304                                   {product} {ergonomic}
   size_t MaxHeapSize                              = 4267704320                                {product} {ergonomic}
   size_t MinHeapDeltaBytes                        = 1048576                                   {product} {ergonomic}
    uintx NonNMethodCodeHeapSize                   = 5830732                                {pd product} {ergonomic}
    uintx NonProfiledCodeHeapSize                  = 122913754                              {pd product} {ergonomic}
    uintx ProfiledCodeHeapSize                     = 122913754                              {pd product} {ergonomic}
    uintx ReservedCodeCacheSize                    = 251658240                              {pd product} {ergonomic}
     bool SegmentedCodeCache                       = true                                      {product} {ergonomic}
     bool UseCompressedClassPointers               = true                                 {lp64_product} {ergonomic}
     bool UseCompressedOops                        = true                                 {lp64_product} {ergonomic}
     bool UseG1GC                                  = true                                      {product} {ergonomic}
     bool UseLargePagesIndividualAllocation        = false                                  {pd product} {ergonomic}

Logging:
Log output configuration:
 #0: stdout all=warning uptime,level,tags
 #1: stderr all=off uptime,level,tags

Environment Variables:
PATH=C:\Program Files\Git\mingw64\libexec\git-core;C:\Program Files\Git\mingw64\libexec\git-core;C:\Program Files\Git\mingw64\bin;C:\Program Files\Git\usr\bin;C:\Users\dell\bin;C:\ProgramData\Anaconda3;C:\ProgramData\Anaconda3\Library\mingw-w64\bin;C:\ProgramData\Anaconda3\Library\usr\bin;C:\ProgramData\Anaconda3\Library\bin;C:\ProgramData\Anaconda3\Scripts;C:\Program Files (x86)\Common Files\Oracle\Java\javapath;C:\Windows\system32;C:\Windows;C:\Windows\System32\Wbem;C:\Windows\System32\WindowsPowerShell\v1.0;C:\Windows\System32\OpenSSH;C:\Program Files\dotnet;C:\Program Files\Git\cmd;C:\Users\dell\AppData\Local\Microsoft\WindowsApps
USERNAME=dell
DISPLAY=:0.0
LC_ALL=en_US.UTF-8
OS=Windows_NT
PROCESSOR_IDENTIFIER=Intel64 Family 6 Model 61 Stepping 4, GenuineIntel



---------------  S Y S T E M  ---------------

OS: Windows 10 , 64 bit Build 19041 (10.0.19041.804)
OS uptime: 4 days 14:42 hours

CPU:total 4 (initial active 4) (2 cores per cpu, 2 threads per core) family 6 model 61 stepping 4, cmov, cx8, fxsr, mmx, sse, sse2, sse3, ssse3, sse4.1, sse4.2, popcnt, avx, avx2, aes, clmul, erms, rtm, 3dnowpref, lzcnt, ht, tsc, tscinvbit, bmi1, bmi2, adx, fma

Memory: 4k page, system-wide physical 16272M (2543M free)
TotalPageFile size 28772M (AvailPageFile size 245M)
current process WorkingSet (physical memory assigned to process): 9M, peak: 9M
current process commit charge ("private bytes"): 52M, peak: 307M

vm_info: OpenJDK 64-Bit Server VM (11.0.9+11-b944.49) for windows-amd64 JRE (11.0.9+11-b944.49), built on Nov 21 2020 13:01:57 by "" with MS VC++ 14.0 (VS2015)

END.
